  [1m[35m (0.2ms)[0m  [1m[34mSELECT sqlite_version(*)[0m
  ↳ /Users/borulebaja/.rvm/gems/ruby-2.5.1/gems/rake-12.3.2/lib/rake/task.rb:273
  [1m[35m (5.0ms)[0m  [1m[35mCREATE TABLE "schema_migrations" ("version" varchar NOT NULL PRIMARY KEY)[0m
  ↳ /Users/borulebaja/.rvm/gems/ruby-2.5.1/gems/rake-12.3.2/lib/rake/task.rb:273
  [1m[35m (1.5ms)[0m  [1m[35mCREATE TABLE "ar_internal_metadata" ("key" varchar NOT NULL PRIMARY KEY, "value" varchar, "created_at" datetime NOT NULL, "updated_at" datetime NOT NULL)[0m
  ↳ /Users/borulebaja/.rvm/gems/ruby-2.5.1/gems/rake-12.3.2/lib/rake/task.rb:273
  [1m[35m (0.3ms)[0m  [1m[34mSELECT "schema_migrations"."version" FROM "schema_migrations" ORDER BY "schema_migrations"."version" ASC[0m
  ↳ /Users/borulebaja/.rvm/gems/ruby-2.5.1/gems/rake-12.3.2/lib/rake/task.rb:273
Migrating to CreateUsers (20190110192640)
  [1m[35m (0.1ms)[0m  [1m[36mbegin transaction[0m
  ↳ /Users/borulebaja/.rvm/gems/ruby-2.5.1/gems/rake-12.3.2/lib/rake/task.rb:273
  [1m[35m (1.8ms)[0m  [1m[35mCREATE TABLE "users" ("id" integer PRIMARY KEY AUTOINCREMENT NOT NULL, "name" varchar, "email" varchar, "password_digest" varchar, "created_at" datetime NOT NULL, "updated_at" datetime NOT NULL)[0m
  ↳ db/migrate/20190110192640_create_users.rb:3
  [1m[36mActiveRecord::SchemaMigration Create (0.5ms)[0m  [1m[32mINSERT INTO "schema_migrations" ("version") VALUES (?)[0m  [["version", "20190110192640"]]
  ↳ /Users/borulebaja/.rvm/gems/ruby-2.5.1/gems/rake-12.3.2/lib/rake/task.rb:273
  [1m[35m (2.0ms)[0m  [1m[36mcommit transaction[0m
  ↳ /Users/borulebaja/.rvm/gems/ruby-2.5.1/gems/rake-12.3.2/lib/rake/task.rb:273
Migrating to CreateShelterLocations (20190110192722)
  [1m[35m (0.2ms)[0m  [1m[36mbegin transaction[0m
  ↳ /Users/borulebaja/.rvm/gems/ruby-2.5.1/gems/rake-12.3.2/lib/rake/task.rb:273
  [1m[35m (0.9ms)[0m  [1m[35mCREATE TABLE "shelter_locations" ("id" integer PRIMARY KEY AUTOINCREMENT NOT NULL, "name" varchar, "address" varchar, "latitude" decimal, "longitude" decimal, "created_at" datetime NOT NULL, "updated_at" datetime NOT NULL)[0m
  ↳ db/migrate/20190110192722_create_shelter_locations.rb:3
  [1m[36mActiveRecord::SchemaMigration Create (0.4ms)[0m  [1m[32mINSERT INTO "schema_migrations" ("version") VALUES (?)[0m  [["version", "20190110192722"]]
  ↳ /Users/borulebaja/.rvm/gems/ruby-2.5.1/gems/rake-12.3.2/lib/rake/task.rb:273
  [1m[35m (1.3ms)[0m  [1m[36mcommit transaction[0m
  ↳ /Users/borulebaja/.rvm/gems/ruby-2.5.1/gems/rake-12.3.2/lib/rake/task.rb:273
Migrating to CreateNeeds (20190110192743)
  [1m[35m (0.1ms)[0m  [1m[36mbegin transaction[0m
  ↳ /Users/borulebaja/.rvm/gems/ruby-2.5.1/gems/rake-12.3.2/lib/rake/task.rb:273
  [1m[35m (1.7ms)[0m  [1m[35mCREATE TABLE "needs" ("id" integer PRIMARY KEY AUTOINCREMENT NOT NULL, "shelter_location_id" integer, "true" boolean, "created_at" datetime NOT NULL, "updated_at" datetime NOT NULL)[0m
  ↳ db/migrate/20190110192743_create_needs.rb:3
  [1m[35m (0.3ms)[0m  [1m[35mCREATE  INDEX "index_needs_on_shelter_location_id" ON "needs" ("shelter_location_id")[0m
  ↳ db/migrate/20190110192743_create_needs.rb:3
  [1m[36mActiveRecord::SchemaMigration Create (0.3ms)[0m  [1m[32mINSERT INTO "schema_migrations" ("version") VALUES (?)[0m  [["version", "20190110192743"]]
  ↳ /Users/borulebaja/.rvm/gems/ruby-2.5.1/gems/rake-12.3.2/lib/rake/task.rb:273
  [1m[35m (1.3ms)[0m  [1m[36mcommit transaction[0m
  ↳ /Users/borulebaja/.rvm/gems/ruby-2.5.1/gems/rake-12.3.2/lib/rake/task.rb:273
  [1m[36mActiveRecord::InternalMetadata Load (0.3ms)[0m  [1m[34mSELECT  "ar_internal_metadata".* FROM "ar_internal_metadata" WHERE "ar_internal_metadata"."key" = ? LIMIT ?[0m  [["key", "environment"], ["LIMIT", 1]]
  ↳ /Users/borulebaja/.rvm/gems/ruby-2.5.1/gems/rake-12.3.2/lib/rake/task.rb:273
  [1m[35m (0.3ms)[0m  [1m[36mbegin transaction[0m
  ↳ /Users/borulebaja/.rvm/gems/ruby-2.5.1/gems/rake-12.3.2/lib/rake/task.rb:273
  [1m[36mActiveRecord::InternalMetadata Create (0.8ms)[0m  [1m[32mINSERT INTO "ar_internal_metadata" ("key", "value", "created_at", "updated_at") VALUES (?, ?, ?, ?)[0m  [["key", "environment"], ["value", "development"], ["created_at", "2019-01-10 21:04:06.191728"], ["updated_at", "2019-01-10 21:04:06.191728"]]
  ↳ /Users/borulebaja/.rvm/gems/ruby-2.5.1/gems/rake-12.3.2/lib/rake/task.rb:273
  [1m[35m (2.4ms)[0m  [1m[36mcommit transaction[0m
  ↳ /Users/borulebaja/.rvm/gems/ruby-2.5.1/gems/rake-12.3.2/lib/rake/task.rb:273
  [1m[35m (0.3ms)[0m  [1m[34mSELECT "schema_migrations"."version" FROM "schema_migrations" ORDER BY "schema_migrations"."version" ASC[0m
  ↳ /Users/borulebaja/.rvm/gems/ruby-2.5.1/gems/rake-12.3.2/lib/rake/task.rb:273
  [1m[35m (0.1ms)[0m  [1m[36mbegin transaction[0m
  [1m[36mUser Create (7.4ms)[0m  [1m[32mINSERT INTO "users" ("name", "email", "password_digest", "created_at", "updated_at") VALUES (?, ?, ?, ?, ?)[0m  [["name", "alan"], ["email", "alan@example.com"], ["password_digest", "$2a$10$d.Rury/zxkWp3Qt22m7RTe6a7GiW9Tywd62d7S7TDrBhRNH1HVdLS"], ["created_at", "2019-01-10 21:10:30.742965"], ["updated_at", "2019-01-10 21:10:30.742965"]]
  [1m[35m (1.3ms)[0m  [1m[36mcommit transaction[0m
  [1m[36mUser Load (0.7ms)[0m  [1m[34mSELECT  "users".* FROM "users" ORDER BY "users"."id" ASC LIMIT ?[0m  [["LIMIT", 1]]
  [1m[35m (0.1ms)[0m  [1m[36mbegin transaction[0m
  [1m[35m (0.1ms)[0m  [1m[31mrollback transaction[0m
  [1m[35m (0.6ms)[0m  [1m[34mSELECT "schema_migrations"."version" FROM "schema_migrations" ORDER BY "schema_migrations"."version" ASC[0m
  ↳ /Users/borulebaja/.rvm/gems/ruby-2.5.1/gems/rake-12.3.2/lib/rake/task.rb:273
  [1m[35m (0.1ms)[0m  [1m[34mSELECT "schema_migrations"."version" FROM "schema_migrations" ORDER BY "schema_migrations"."version" ASC[0m
  ↳ /Users/borulebaja/.rvm/gems/ruby-2.5.1/gems/rake-12.3.2/lib/rake/task.rb:273
  [1m[35m (0.1ms)[0m  [1m[34mSELECT "schema_migrations"."version" FROM "schema_migrations" ORDER BY "schema_migrations"."version" ASC[0m
  ↳ /Users/borulebaja/.rvm/gems/ruby-2.5.1/gems/rake-12.3.2/lib/rake/task.rb:273
  [1m[35m (0.1ms)[0m  [1m[34mSELECT "schema_migrations"."version" FROM "schema_migrations" ORDER BY "schema_migrations"."version" ASC[0m
  ↳ /Users/borulebaja/.rvm/gems/ruby-2.5.1/gems/rake-12.3.2/lib/rake/task.rb:273
Migrating to CreateNeeds (20190110192743)
  [1m[35m (0.1ms)[0m  [1m[36mbegin transaction[0m
  ↳ /Users/borulebaja/.rvm/gems/ruby-2.5.1/gems/rake-12.3.2/lib/rake/task.rb:273
  [1m[35m (2.7ms)[0m  [1m[35mDROP TABLE "needs"[0m
  ↳ /Users/borulebaja/.rvm/gems/ruby-2.5.1/gems/rake-12.3.2/lib/rake/task.rb:273
  [1m[36mActiveRecord::SchemaMigration Destroy (0.8ms)[0m  [1m[31mDELETE FROM "schema_migrations" WHERE "schema_migrations"."version" = ?[0m  [["version", "20190110192743"]]
  ↳ /Users/borulebaja/.rvm/gems/ruby-2.5.1/gems/rake-12.3.2/lib/rake/task.rb:273
  [1m[35m (1.7ms)[0m  [1m[36mcommit transaction[0m
  ↳ /Users/borulebaja/.rvm/gems/ruby-2.5.1/gems/rake-12.3.2/lib/rake/task.rb:273
Migrating to CreateShelterLocations (20190110192722)
  [1m[35m (0.1ms)[0m  [1m[36mbegin transaction[0m
  ↳ /Users/borulebaja/.rvm/gems/ruby-2.5.1/gems/rake-12.3.2/lib/rake/task.rb:273
  [1m[35m (1.3ms)[0m  [1m[35mDROP TABLE "shelter_locations"[0m
  ↳ /Users/borulebaja/.rvm/gems/ruby-2.5.1/gems/rake-12.3.2/lib/rake/task.rb:273
  [1m[36mActiveRecord::SchemaMigration Destroy (0.4ms)[0m  [1m[31mDELETE FROM "schema_migrations" WHERE "schema_migrations"."version" = ?[0m  [["version", "20190110192722"]]
  ↳ /Users/borulebaja/.rvm/gems/ruby-2.5.1/gems/rake-12.3.2/lib/rake/task.rb:273
  [1m[35m (1.3ms)[0m  [1m[36mcommit transaction[0m
  ↳ /Users/borulebaja/.rvm/gems/ruby-2.5.1/gems/rake-12.3.2/lib/rake/task.rb:273
Migrating to CreateUsers (20190110192640)
  [1m[35m (0.1ms)[0m  [1m[36mbegin transaction[0m
  ↳ /Users/borulebaja/.rvm/gems/ruby-2.5.1/gems/rake-12.3.2/lib/rake/task.rb:273
  [1m[35m (0.8ms)[0m  [1m[35mDROP TABLE "users"[0m
  ↳ /Users/borulebaja/.rvm/gems/ruby-2.5.1/gems/rake-12.3.2/lib/rake/task.rb:273
  [1m[36mActiveRecord::SchemaMigration Destroy (0.8ms)[0m  [1m[31mDELETE FROM "schema_migrations" WHERE "schema_migrations"."version" = ?[0m  [["version", "20190110192640"]]
  ↳ /Users/borulebaja/.rvm/gems/ruby-2.5.1/gems/rake-12.3.2/lib/rake/task.rb:273
  [1m[35m (2.1ms)[0m  [1m[36mcommit transaction[0m
  ↳ /Users/borulebaja/.rvm/gems/ruby-2.5.1/gems/rake-12.3.2/lib/rake/task.rb:273
  [1m[35m (0.3ms)[0m  [1m[34mSELECT "schema_migrations"."version" FROM "schema_migrations" ORDER BY "schema_migrations"."version" ASC[0m
  ↳ /Users/borulebaja/.rvm/gems/ruby-2.5.1/gems/rake-12.3.2/lib/rake/task.rb:273
  [1m[35m (0.3ms)[0m  [1m[34mSELECT "schema_migrations"."version" FROM "schema_migrations" ORDER BY "schema_migrations"."version" ASC[0m
  ↳ /Users/borulebaja/.rvm/gems/ruby-2.5.1/gems/rake-12.3.2/lib/rake/task.rb:273
Migrating to CreateUsers (20190110192640)
  [1m[35m (0.1ms)[0m  [1m[36mbegin transaction[0m
  ↳ /Users/borulebaja/.rvm/gems/ruby-2.5.1/gems/rake-12.3.2/lib/rake/task.rb:273
  [1m[35m (0.5ms)[0m  [1m[34mSELECT sqlite_version(*)[0m
  ↳ db/migrate/20190110192640_create_users.rb:3
  [1m[35m (5.0ms)[0m  [1m[35mCREATE TABLE "users" ("id" integer PRIMARY KEY AUTOINCREMENT NOT NULL, "name" varchar, "email" varchar, "password_digest" varchar, "created_at" datetime NOT NULL, "updated_at" datetime NOT NULL)[0m
  ↳ db/migrate/20190110192640_create_users.rb:3
  [1m[36mActiveRecord::SchemaMigration Create (0.8ms)[0m  [1m[32mINSERT INTO "schema_migrations" ("version") VALUES (?)[0m  [["version", "20190110192640"]]
  ↳ /Users/borulebaja/.rvm/gems/ruby-2.5.1/gems/rake-12.3.2/lib/rake/task.rb:273
  [1m[35m (1.4ms)[0m  [1m[36mcommit transaction[0m
  ↳ /Users/borulebaja/.rvm/gems/ruby-2.5.1/gems/rake-12.3.2/lib/rake/task.rb:273
Migrating to CreateShelterLocations (20190110192722)
  [1m[35m (0.1ms)[0m  [1m[36mbegin transaction[0m
  ↳ /Users/borulebaja/.rvm/gems/ruby-2.5.1/gems/rake-12.3.2/lib/rake/task.rb:273
  [1m[35m (1.4ms)[0m  [1m[35mCREATE TABLE "shelter_locations" ("id" integer PRIMARY KEY AUTOINCREMENT NOT NULL, "name" varchar, "address" varchar, "latitude" decimal, "longitude" decimal, "user_id" integer, "created_at" datetime NOT NULL, "updated_at" datetime NOT NULL)[0m
  ↳ db/migrate/20190110192722_create_shelter_locations.rb:3
  [1m[35m (0.4ms)[0m  [1m[35mCREATE  INDEX "index_shelter_locations_on_user_id" ON "shelter_locations" ("user_id")[0m
  ↳ db/migrate/20190110192722_create_shelter_locations.rb:3
  [1m[36mActiveRecord::SchemaMigration Create (0.4ms)[0m  [1m[32mINSERT INTO "schema_migrations" ("version") VALUES (?)[0m  [["version", "20190110192722"]]
  ↳ /Users/borulebaja/.rvm/gems/ruby-2.5.1/gems/rake-12.3.2/lib/rake/task.rb:273
  [1m[35m (1.8ms)[0m  [1m[36mcommit transaction[0m
  ↳ /Users/borulebaja/.rvm/gems/ruby-2.5.1/gems/rake-12.3.2/lib/rake/task.rb:273
Migrating to CreateNeeds (20190110192743)
  [1m[35m (0.1ms)[0m  [1m[36mbegin transaction[0m
  ↳ /Users/borulebaja/.rvm/gems/ruby-2.5.1/gems/rake-12.3.2/lib/rake/task.rb:273
  [1m[35m (0.9ms)[0m  [1m[35mCREATE TABLE "needs" ("id" integer PRIMARY KEY AUTOINCREMENT NOT NULL, "shelter_location_id" integer, "true" boolean, "created_at" datetime NOT NULL, "updated_at" datetime NOT NULL)[0m
  ↳ db/migrate/20190110192743_create_needs.rb:3
  [1m[35m (0.2ms)[0m  [1m[35mCREATE  INDEX "index_needs_on_shelter_location_id" ON "needs" ("shelter_location_id")[0m
  ↳ db/migrate/20190110192743_create_needs.rb:3
  [1m[36mActiveRecord::SchemaMigration Create (0.4ms)[0m  [1m[32mINSERT INTO "schema_migrations" ("version") VALUES (?)[0m  [["version", "20190110192743"]]
  ↳ /Users/borulebaja/.rvm/gems/ruby-2.5.1/gems/rake-12.3.2/lib/rake/task.rb:273
  [1m[35m (1.3ms)[0m  [1m[36mcommit transaction[0m
  ↳ /Users/borulebaja/.rvm/gems/ruby-2.5.1/gems/rake-12.3.2/lib/rake/task.rb:273
  [1m[36mActiveRecord::InternalMetadata Load (0.8ms)[0m  [1m[34mSELECT  "ar_internal_metadata".* FROM "ar_internal_metadata" WHERE "ar_internal_metadata"."key" = ? LIMIT ?[0m  [["key", "environment"], ["LIMIT", 1]]
  ↳ /Users/borulebaja/.rvm/gems/ruby-2.5.1/gems/rake-12.3.2/lib/rake/task.rb:273
  [1m[35m (0.1ms)[0m  [1m[36mbegin transaction[0m
  ↳ /Users/borulebaja/.rvm/gems/ruby-2.5.1/gems/rake-12.3.2/lib/rake/task.rb:273
  [1m[35m (0.1ms)[0m  [1m[36mcommit transaction[0m
  ↳ /Users/borulebaja/.rvm/gems/ruby-2.5.1/gems/rake-12.3.2/lib/rake/task.rb:273
  [1m[35m (0.2ms)[0m  [1m[34mSELECT "schema_migrations"."version" FROM "schema_migrations" ORDER BY "schema_migrations"."version" ASC[0m
  ↳ /Users/borulebaja/.rvm/gems/ruby-2.5.1/gems/rake-12.3.2/lib/rake/task.rb:273
  [1m[35m (0.1ms)[0m  [1m[36mbegin transaction[0m
  [1m[36mUser Load (0.5ms)[0m  [1m[34mSELECT  "users".* FROM "users" WHERE "users"."id" = ? LIMIT ?[0m  [["id", 1], ["LIMIT", 1]]
  [1m[35m (0.1ms)[0m  [1m[31mrollback transaction[0m
  [1m[35m (0.1ms)[0m  [1m[36mbegin transaction[0m
  [1m[36mUser Create (1.7ms)[0m  [1m[32mINSERT INTO "users" ("name", "email", "password_digest", "created_at", "updated_at") VALUES (?, ?, ?, ?, ?)[0m  [["name", "alan"], ["email", "alan@example.com"], ["password_digest", "$2a$10$KStZATNfpHNix1vVybsrm.qM973XMa/Hcvzfpecwns3qO4/0/46eS"], ["created_at", "2019-01-10 21:13:24.419143"], ["updated_at", "2019-01-10 21:13:24.419143"]]
  [1m[35m (1.9ms)[0m  [1m[36mcommit transaction[0m
  [1m[35m (0.1ms)[0m  [1m[36mbegin transaction[0m
  [1m[36mUser Load (0.2ms)[0m  [1m[34mSELECT  "users".* FROM "users" WHERE "users"."id" = ? LIMIT ?[0m  [["id", 1], ["LIMIT", 1]]
  [1m[35m (0.1ms)[0m  [1m[31mrollback transaction[0m
  [1m[35m (0.2ms)[0m  [1m[36mbegin transaction[0m
  [1m[36mUser Create (0.9ms)[0m  [1m[32mINSERT INTO "users" ("name", "email", "password_digest", "created_at", "updated_at") VALUES (?, ?, ?, ?, ?)[0m  [["name", "alan"], ["email", "alan@example.com"], ["password_digest", "$2a$10$S.VZq.mg9uK/BIHkPsU26evQnLwUT1wckVgOu9fvZlUz2O1h/8R1K"], ["created_at", "2019-01-10 21:13:55.177063"], ["updated_at", "2019-01-10 21:13:55.177063"]]
  [1m[35m (1.7ms)[0m  [1m[36mcommit transaction[0m
  [1m[35m (0.1ms)[0m  [1m[36mbegin transaction[0m
  [1m[36mUser Load (0.4ms)[0m  [1m[34mSELECT  "users".* FROM "users" WHERE "users"."id" = ? LIMIT ?[0m  [["id", 1], ["LIMIT", 1]]
  [1m[36mShelterLocation Create (1.3ms)[0m  [1m[32mINSERT INTO "shelter_locations" ("name", "address", "latitude", "longitude", "user_id", "created_at", "updated_at") VALUES (?, ?, ?, ?, ?, ?, ?)[0m  [["name", "test"], ["address", "708 Main St, Houston TX, 77002"], ["latitude", 29.7590945918367], ["longitude", -95.3633395102041], ["user_id", 1], ["created_at", "2019-01-10 21:13:59.513214"], ["updated_at", "2019-01-10 21:13:59.513214"]]
  [1m[35m (1.4ms)[0m  [1m[36mcommit transaction[0m
  [1m[35m (0.3ms)[0m  [1m[36mbegin transaction[0m
  [1m[35m (0.2ms)[0m  [1m[31mrollback transaction[0m
  [1m[35m (0.1ms)[0m  [1m[36mbegin transaction[0m
  [1m[35m (0.1ms)[0m  [1m[31mrollback transaction[0m
  [1m[35m (0.1ms)[0m  [1m[36mbegin transaction[0m
  [1m[36mShelterLocation Load (0.7ms)[0m  [1m[34mSELECT  "shelter_locations".* FROM "shelter_locations" WHERE "shelter_locations"."id" = ? LIMIT ?[0m  [["id", 1], ["LIMIT", 1]]
  [1m[36mNeed Create (2.4ms)[0m  [1m[32mINSERT INTO "needs" ("shelter_location_id", "created_at", "updated_at") VALUES (?, ?, ?)[0m  [["shelter_location_id", 1], ["created_at", "2019-01-10 21:22:55.604360"], ["updated_at", "2019-01-10 21:22:55.604360"]]
  [1m[35m (1.4ms)[0m  [1m[36mcommit transaction[0m
